<?xml version="1.0" encoding="UTF-8"?>
<testsuites name="jest tests" tests="2" failures="0" errors="0" time="4.027">
  <testsuite name="AppService" errors="0" failures="0" skipped="0" timestamp="2023-03-12T01:19:23" time="3.361" tests="1">
    <testcase classname="AppService getData should return &quot;Welcome to api!&quot;" name="AppService getData should return &quot;Welcome to api!&quot;" time="0.003">
    </testcase>
  </testsuite>
  <testsuite name="AppController" errors="0" failures="0" skipped="0" timestamp="2023-03-12T01:19:23" time="3.574" tests="1">
    <testcase classname="AppController getData should return &quot;Welcome to api!&quot;" name="AppController getData should return &quot;Welcome to api!&quot;" time="0.002">
    </testcase>
  </testsuite>
</testsuites>