<?xml version="1.0" encoding="UTF-8"?>
<testsuites name="jest tests" tests="2" failures="0" errors="0" time="3.28">
  <testsuite name="AppController" errors="0" failures="0" skipped="0" timestamp="2023-03-11T21:05:38" time="2.811" tests="1">
    <testcase classname="AppController getData should return &quot;Welcome to api!&quot;" name="AppController getData should return &quot;Welcome to api!&quot;" time="0.004">
    </testcase>
  </testsuite>
  <testsuite name="AppService" errors="0" failures="0" skipped="0" timestamp="2023-03-11T21:05:38" time="2.831" tests="1">
    <testcase classname="AppService getData should return &quot;Welcome to api!&quot;" name="AppService getData should return &quot;Welcome to api!&quot;" time="0.002">
    </testcase>
  </testsuite>
</testsuites>